Sat Apr 27 23:29:55 MYT 2024 : Apache Derby Network Server - 10.10.2.0 - (1582446) started and ready to accept connections on port 1527
----------------------------------------------------------------
Sat Apr 27 23:30:13 MYT 2024:
Booting Derby version The Apache Software Foundation - Apache Derby - 10.10.2.0 - (1582446): instance a816c00e-018f-202d-5e7e-000016a9e0e3 
on database directory C:\Users\ASUS\Documents\NetBeansProjects\WebAppGUI_Assignment\SmartLearnDB with class loader jdk.internal.loader.ClassLoaders$AppClassLoader@73d16e93 
Loaded from file:/C:/Users/ASUS/glassfish4/javadb/lib/derby.jar
java.vendor=Oracle Corporation
java.runtime.version=17.0.10+11-LTS-240
user.dir=C:\Users\ASUS\glassfish4\javadb
os.name=Windows 11
os.arch=amd64
os.version=10.0
derby.system.home=C:\Users\ASUS\Documents\NetBeansProjects\WebAppGUI_Assignment
Database Class Loader started - derby.database.classpath=''
----------------------------------------------------------------
Sun Apr 28 00:21:04 MYT 2024: Shutting down Derby engine
----------------------------------------------------------------
Sun Apr 28 00:21:04 MYT 2024:
Shutting down instance a816c00e-018f-202d-5e7e-000016a9e0e3 on database directory C:\Users\ASUS\Documents\NetBeansProjects\WebAppGUI_Assignment\SmartLearnDB with class loader jdk.internal.loader.ClassLoaders$AppClassLoader@73d16e93 
----------------------------------------------------------------
